<?xml version="1.0" encoding="UTF-8"?>
<!-- Generated by org.testng.reporters.JUnitReportReporter -->
<testsuite hostname="ramprasad-PC" name="selenium_aus.Auto_upload" tests="1" failures="0" timestamp="6 Jun 2016 11:26:28 GMT" time="36.333" errors="0">
  <testcase name="f" time="36.333" classname="selenium_aus.Auto_upload"/>
</testsuite> <!-- selenium_aus.Auto_upload -->
