<?xml version="1.0" encoding="UTF-8"?>
<!-- Generated by org.testng.reporters.JUnitReportReporter -->
<testsuite hostname="ramprasad-PC" name="prop.LoginusingProperties" tests="1" failures="0" timestamp="16 May 2016 09:05:24 GMT" time="14.758" errors="0">
  <testcase name="loginTest" time="14.758" classname="prop.LoginusingProperties"/>
</testsuite> <!-- prop.LoginusingProperties -->
