<?xml version="1.0" encoding="UTF-8"?>
<!-- Generated by org.testng.reporters.JUnitReportReporter -->
<testsuite hostname="ramprasad-PC" name="selenium_aus.NewTest_samp" tests="3" failures="0" timestamp="21 Apr 2016 03:25:46 GMT" time="0.013" errors="0">
  <testcase name="f" time="0.001" classname="selenium_aus.NewTest_samp"/>
  <testcase name="z" time="0.011" classname="selenium_aus.NewTest_samp"/>
  <testcase name="d" time="0.001" classname="selenium_aus.NewTest_samp"/>
</testsuite> <!-- selenium_aus.NewTest_samp -->
