<?xml version="1.0" encoding="UTF-8"?>
<!-- Generated by org.testng.reporters.JUnitReportReporter -->
<testsuite hostname="ramprasad-PC" name="arunima_testng.NewTest_sample" tests="2" failures="0" timestamp="7 Jun 2016 11:45:15 GMT" time="0.006" errors="0">
  <testcase name="z" time="0.005" classname="arunima_testng.NewTest_sample"/>
  <testcase name="a" time="0.001" classname="arunima_testng.NewTest_sample"/>
</testsuite> <!-- arunima_testng.NewTest_sample -->
