<?xml version="1.0" encoding="UTF-8"?>
<!-- Generated by org.testng.reporters.JUnitReportReporter -->
<testsuite hostname="ramprasad-PC" name="z_p.Radiobutton2" tests="1" failures="0" timestamp="16 Apr 2016 11:04:34 GMT" time="15.747" errors="0">
  <testcase name="f" time="15.747" classname="z_p.Radiobutton2"/>
</testsuite> <!-- z_p.Radiobutton2 -->
