<?xml version="1.0" encoding="UTF-8"?>
<!-- Generated by org.testng.reporters.JUnitReportReporter -->
<testsuite hostname="ramprasad-PC" name="excel.execel1" tests="1" failures="0" timestamp="10 May 2016 01:05:27 GMT" time="74.463" errors="0">
  <testcase name="f" time="74.463" classname="excel.execel1"/>
</testsuite> <!-- excel.execel1 -->
