<?xml version="1.0" encoding="UTF-8"?>
<!-- Generated by org.testng.reporters.JUnitReportReporter -->
<testsuite hostname="ramprasad-PC" name="z_p.NewTest12" tests="1" failures="0" timestamp="16 Mar 2016 12:31:31 GMT" time="27.509" errors="0">
  <testcase name="f" time="27.509" classname="z_p.NewTest12"/>
</testsuite> <!-- z_p.NewTest12 -->
