<?xml version="1.0" encoding="UTF-8"?>
<!-- Generated by org.testng.reporters.JUnitReportReporter -->
<testsuite hostname="ramprasad-PC" name="practice2.CookiesTesting" tests="1" failures="0" timestamp="29 Mar 2016 18:53:14 GMT" time="86.177" errors="0">
  <testcase name="cookiesTest" time="86.177" classname="practice2.CookiesTesting"/>
</testsuite> <!-- practice2.CookiesTesting -->
