<?xml version="1.0" encoding="UTF-8"?>
<!-- Generated by org.testng.reporters.JUnitReportReporter -->
<testsuite hostname="ramprasad-PC" name="excel.excel_creation" tests="1" failures="0" timestamp="20 Mar 2016 06:03:27 GMT" time="0.294" errors="0">
  <testcase name="step1" time="0.294" classname="excel.excel_creation"/>
</testsuite> <!-- excel.excel_creation -->
