<?xml version="1.0" encoding="UTF-8"?>
<!-- Generated by org.testng.reporters.JUnitReportReporter -->
<testsuite hostname="ramprasad-PC" name="fw_pkg.LoginusingKeywords" tests="1" failures="0" timestamp="12 May 2016 01:19:49 GMT" time="25.721" errors="0">
  <testcase name="loginTest" time="25.721" classname="fw_pkg.LoginusingKeywords"/>
</testsuite> <!-- fw_pkg.LoginusingKeywords -->
