<?xml version="1.0" encoding="UTF-8"?>
<!-- Generated by org.testng.reporters.JUnitReportReporter -->
<testsuite hostname="ramprasad-PC" name="selenium_aus.savefile_auto" tests="1" failures="0" timestamp="19 May 2016 05:15:20 GMT" time="20.910" errors="0">
  <testcase name="ff" time="20.910" classname="selenium_aus.savefile_auto"/>
</testsuite> <!-- selenium_aus.savefile_auto -->
