<?xml version="1.0" encoding="UTF-8"?>
<!-- Generated by org.testng.reporters.JUnitReportReporter -->
<testsuite hostname="ramprasad-PC" name="z_p.MultipleWindows" tests="1" failures="0" timestamp="6 Apr 2016 19:03:18 GMT" time="0.000" errors="1">
  <testcase name="multipleWindowtest" time="0.000" classname="z_p.MultipleWindows">
    <error type="org.openqa.selenium.WebDriverException" message="Failed to connect to binary FirefoxBinary(C:\Program Files (x86)\Mozilla Firefox\firefox.exe) on port 7055; process output follows: 
nifest for C:\Program Files (x86)\Mozilla Firefox\browser\features\loop@mozilla.org.xpi
1459969353452	addons.xpi	DEBUG	Calling bootstrap method startup on loop@mozilla.org version 0.1
1459969353466	addons.manager	DEBUG	Starting provider: &lt;unnamed-provider&gt;
1459969353466	addons.manager	DEBUG	Registering shutdown blocker for &lt;unnamed-provider&gt;
1459969353467	addons.manager	DEBUG	Provider finished startup: &lt;unnamed-provider&gt;
1459969353483	addons.xpi	DEBUG	Registering manifest for C:\Program Files (x86)\Mozilla Firefox\browser\extensions\{82AF8DCA-6DE9-405D-BD5E-43525BDAD38A}.xpi
1459969353483	addons.xpi	DEBUG	Calling bootstrap method startup on {82AF8DCA-6DE9-405D-BD5E-43525BDAD38A} version 8.0.0.9103
1459969353537	addons.manager	DEBUG	Registering shutdown blocker for XPIProvider
1459969353537	addons.manager	DEBUG	Provider finished startup: XPIProvider
1459969353537	addons.manager	DEBUG	Starting provider: LightweightThemeManager
1459969353537	addons.manager	DEBUG	Registering shutdown blocker for LightweightThemeManager
1459969353537	addons.manager	DEBUG	Provider finished startup: LightweightThemeManager
1459969353538	addons.manager	DEBUG	Starting provider: GMPProvider
1459969353547	addons.manager	DEBUG	Registering shutdown blocker for GMPProvider
1459969353548	addons.manager	DEBUG	Provider finished startup: GMPProvider
1459969353548	addons.manager	DEBUG	Starting provider: PluginProvider
1459969353548	addons.manager	DEBUG	Registering shutdown blocker for PluginProvider
1459969353548	addons.manager	DEBUG	Provider finished startup: PluginProvider
1459969353548	addons.manager	DEBUG	Completed startup sequence
1459969355949	DeferredSave.extensions.json	DEBUG	Write succeeded
1459969355949	addons.xpi-utils	DEBUG	XPI Database saved, setting schema version preference to 17
1459969355949	DeferredSave.extensions.json	DEBUG	Starting timer
1459969355965	addons.repository	DEBUG	No addons.json found.
1459969355965	DeferredSave.addons.json	DEBUG	Save changes
1459969355970	DeferredSave.addons.json	DEBUG	Starting timer
1459969356004	addons.manager	DEBUG	Starting provider: PreviousExperimentProvider
1459969356004	addons.manager	DEBUG	Registering shutdown blocker for PreviousExperimentProvider
1459969356004	addons.manager	DEBUG	Provider finished startup: PreviousExperimentProvider
1459969356008	DeferredSave.extensions.json	DEBUG	Starting write
1459969356112	DeferredSave.addons.json	DEBUG	Starting write
1459969356230	DeferredSave.extensions.json	DEBUG	Write succeeded
1459969356253	DeferredSave.addons.json	DEBUG	Write succeeded
JavaScript error: chrome://fxdriver/content/server.js, line 61: uncaught exception: [object Object]
JavaScript error: chrome://fxdriver/content/server.js, line 61: NS_ERROR_XPC_CI_RETURNED_FAILURE: Component returned failure code: 0x80570015 (NS_ERROR_XPC_CI_RETURNED_FAILURE) [nsIJSCID.createInstance]
1459969379038	addons.xpi	DEBUG	Calling bootstrap method shutdown on loop@mozilla.org version 0.1
1459969379040	addons.xpi	DEBUG	Calling bootstrap method shutdown on {82AF8DCA-6DE9-405D-BD5E-43525BDAD38A} version 8.0.0.9103
JavaScript error: https://secure.skypeassets.com/apollo/2.0.127/lib/require.js, line 32: NS_ERROR_NOT_INITIALIZED: 
JavaScript error: https://secure.skypeassets.com/apollo/2.0.127/js/core.js, line 34: NS_ERROR_UNEXPECTED: 
1459969379377	addons.manager	DEBUG	shutdown
1459969379377	addons.manager	DEBUG	Calling shutdown blocker for &lt;unnamed-provider&gt;
1459969379378	addons.manager	DEBUG	Calling shutdown blocker for XPIProvider
1459969379378	addons.xpi	DEBUG	shutdown
1459969379378	addons.xpi-utils	DEBUG	shutdown
1459969379379	addons.manager	DEBUG	Calling shutdown blocker for LightweightThemeManager
1459969379380	addons.manager	DEBUG	Calling shutdown blocker for GMPProvider
1459969379381	addons.manager	DEBUG	Calling shutdown blocker for PluginProvider
1459969379383	addons.manager	DEBUG	Calling shutdown blocker for PreviousExperimentProvider
1459969379386	addons.xpi	DEBUG	Notifying XPI shutdown observers
1459969379394	addons.manager	DEBUG	Async provider shutdown done

Build info: version: &#039;2.52.0&#039;, revision: &#039;4c2593c&#039;, time: &#039;2016-02-11 19:06:42&#039;
System info: host: &#039;ramprasad-PC&#039;, ip: &#039;192.168.53.1&#039;, os.name: &#039;Windows 7&#039;, os.arch: &#039;amd64&#039;, os.version: &#039;6.1&#039;, java.version: &#039;1.8.0_65&#039;
Driver info: driver.version: FirefoxDriver">
      <![CDATA[org.openqa.selenium.WebDriverException: Failed to connect to binary FirefoxBinary(C:\Program Files (x86)\Mozilla Firefox\firefox.exe) on port 7055; process output follows: 
nifest for C:\Program Files (x86)\Mozilla Firefox\browser\features\loop@mozilla.org.xpi
1459969353452	addons.xpi	DEBUG	Calling bootstrap method startup on loop@mozilla.org version 0.1
1459969353466	addons.manager	DEBUG	Starting provider: <unnamed-provider>
1459969353466	addons.manager	DEBUG	Registering shutdown blocker for <unnamed-provider>
1459969353467	addons.manager	DEBUG	Provider finished startup: <unnamed-provider>
1459969353483	addons.xpi	DEBUG	Registering manifest for C:\Program Files (x86)\Mozilla Firefox\browser\extensions\{82AF8DCA-6DE9-405D-BD5E-43525BDAD38A}.xpi
1459969353483	addons.xpi	DEBUG	Calling bootstrap method startup on {82AF8DCA-6DE9-405D-BD5E-43525BDAD38A} version 8.0.0.9103
1459969353537	addons.manager	DEBUG	Registering shutdown blocker for XPIProvider
1459969353537	addons.manager	DEBUG	Provider finished startup: XPIProvider
1459969353537	addons.manager	DEBUG	Starting provider: LightweightThemeManager
1459969353537	addons.manager	DEBUG	Registering shutdown blocker for LightweightThemeManager
1459969353537	addons.manager	DEBUG	Provider finished startup: LightweightThemeManager
1459969353538	addons.manager	DEBUG	Starting provider: GMPProvider
1459969353547	addons.manager	DEBUG	Registering shutdown blocker for GMPProvider
1459969353548	addons.manager	DEBUG	Provider finished startup: GMPProvider
1459969353548	addons.manager	DEBUG	Starting provider: PluginProvider
1459969353548	addons.manager	DEBUG	Registering shutdown blocker for PluginProvider
1459969353548	addons.manager	DEBUG	Provider finished startup: PluginProvider
1459969353548	addons.manager	DEBUG	Completed startup sequence
1459969355949	DeferredSave.extensions.json	DEBUG	Write succeeded
1459969355949	addons.xpi-utils	DEBUG	XPI Database saved, setting schema version preference to 17
1459969355949	DeferredSave.extensions.json	DEBUG	Starting timer
1459969355965	addons.repository	DEBUG	No addons.json found.
1459969355965	DeferredSave.addons.json	DEBUG	Save changes
1459969355970	DeferredSave.addons.json	DEBUG	Starting timer
1459969356004	addons.manager	DEBUG	Starting provider: PreviousExperimentProvider
1459969356004	addons.manager	DEBUG	Registering shutdown blocker for PreviousExperimentProvider
1459969356004	addons.manager	DEBUG	Provider finished startup: PreviousExperimentProvider
1459969356008	DeferredSave.extensions.json	DEBUG	Starting write
1459969356112	DeferredSave.addons.json	DEBUG	Starting write
1459969356230	DeferredSave.extensions.json	DEBUG	Write succeeded
1459969356253	DeferredSave.addons.json	DEBUG	Write succeeded
JavaScript error: chrome://fxdriver/content/server.js, line 61: uncaught exception: [object Object]
JavaScript error: chrome://fxdriver/content/server.js, line 61: NS_ERROR_XPC_CI_RETURNED_FAILURE: Component returned failure code: 0x80570015 (NS_ERROR_XPC_CI_RETURNED_FAILURE) [nsIJSCID.createInstance]
1459969379038	addons.xpi	DEBUG	Calling bootstrap method shutdown on loop@mozilla.org version 0.1
1459969379040	addons.xpi	DEBUG	Calling bootstrap method shutdown on {82AF8DCA-6DE9-405D-BD5E-43525BDAD38A} version 8.0.0.9103
JavaScript error: https://secure.skypeassets.com/apollo/2.0.127/lib/require.js, line 32: NS_ERROR_NOT_INITIALIZED: 
JavaScript error: https://secure.skypeassets.com/apollo/2.0.127/js/core.js, line 34: NS_ERROR_UNEXPECTED: 
1459969379377	addons.manager	DEBUG	shutdown
1459969379377	addons.manager	DEBUG	Calling shutdown blocker for <unnamed-provider>
1459969379378	addons.manager	DEBUG	Calling shutdown blocker for XPIProvider
1459969379378	addons.xpi	DEBUG	shutdown
1459969379378	addons.xpi-utils	DEBUG	shutdown
1459969379379	addons.manager	DEBUG	Calling shutdown blocker for LightweightThemeManager
1459969379380	addons.manager	DEBUG	Calling shutdown blocker for GMPProvider
1459969379381	addons.manager	DEBUG	Calling shutdown blocker for PluginProvider
1459969379383	addons.manager	DEBUG	Calling shutdown blocker for PreviousExperimentProvider
1459969379386	addons.xpi	DEBUG	Notifying XPI shutdown observers
1459969379394	addons.manager	DEBUG	Async provider shutdown done

Build info: version: '2.52.0', revision: '4c2593c', time: '2016-02-11 19:06:42'
System info: host: 'ramprasad-PC', ip: '192.168.53.1', os.name: 'Windows 7', os.arch: 'amd64', os.version: '6.1', java.version: '1.8.0_65'
Driver info: driver.version: FirefoxDriver
	at org.openqa.selenium.firefox.internal.NewProfileExtensionConnection.start(NewProfileExtensionConnection.java:124)
	at org.openqa.selenium.firefox.FirefoxDriver.startClient(FirefoxDriver.java:271)
	at org.openqa.selenium.remote.RemoteWebDriver.<init>(RemoteWebDriver.java:119)
	at org.openqa.selenium.firefox.FirefoxDriver.<init>(FirefoxDriver.java:218)
	at org.openqa.selenium.firefox.FirefoxDriver.<init>(FirefoxDriver.java:211)
	at org.openqa.selenium.firefox.FirefoxDriver.<init>(FirefoxDriver.java:207)
	at org.openqa.selenium.firefox.FirefoxDriver.<init>(FirefoxDriver.java:120)
	at z_p.MultipleWindows.setUp(MultipleWindows.java:16)
	at sun.reflect.NativeMethodAccessorImpl.invoke0(Native Method)
	at sun.reflect.NativeMethodAccessorImpl.invoke(Unknown Source)
	at sun.reflect.DelegatingMethodAccessorImpl.invoke(Unknown Source)
	at java.lang.reflect.Method.invoke(Unknown Source)
	at org.testng.internal.MethodInvocationHelper.invokeMethod(MethodInvocationHelper.java:85)
	at org.testng.internal.Invoker.invokeConfigurationMethod(Invoker.java:510)
	at org.testng.internal.Invoker.invokeConfigurations(Invoker.java:211)
	at org.testng.internal.Invoker.invokeConfigurations(Invoker.java:138)
	at org.testng.TestRunner.beforeRun(TestRunner.java:648)
	at org.testng.TestRunner.run(TestRunner.java:616)
	at org.testng.SuiteRunner.runTest(SuiteRunner.java:359)
	at org.testng.SuiteRunner.runSequentially(SuiteRunner.java:354)
	at org.testng.SuiteRunner.privateRun(SuiteRunner.java:312)
	at org.testng.SuiteRunner.run(SuiteRunner.java:261)
	at org.testng.SuiteRunnerWorker.runSuite(SuiteRunnerWorker.java:52)
	at org.testng.SuiteRunnerWorker.run(SuiteRunnerWorker.java:86)
	at org.testng.TestNG.runSuitesSequentially(TestNG.java:1215)
	at org.testng.TestNG.runSuitesLocally(TestNG.java:1140)
	at org.testng.TestNG.run(TestNG.java:1048)
	at org.testng.remote.RemoteTestNG.run(RemoteTestNG.java:112)
	at org.testng.remote.RemoteTestNG.initAndRun(RemoteTestNG.java:205)
	at org.testng.remote.RemoteTestNG.main(RemoteTestNG.java:176)
Caused by: org.openqa.selenium.firefox.NotConnectedException: Unable to connect to host 127.0.0.1 on port 7055 after 45000 ms. Firefox console output:
nifest for C:\Program Files (x86)\Mozilla Firefox\browser\features\loop@mozilla.org.xpi
1459969353452	addons.xpi	DEBUG	Calling bootstrap method startup on loop@mozilla.org version 0.1
1459969353466	addons.manager	DEBUG	Starting provider: <unnamed-provider>
1459969353466	addons.manager	DEBUG	Registering shutdown blocker for <unnamed-provider>
1459969353467	addons.manager	DEBUG	Provider finished startup: <unnamed-provider>
1459969353483	addons.xpi	DEBUG	Registering manifest for C:\Program Files (x86)\Mozilla Firefox\browser\extensions\{82AF8DCA-6DE9-405D-BD5E-43525BDAD38A}.xpi
1459969353483	addons.xpi	DEBUG	Calling bootstrap method startup on {82AF8DCA-6DE9-405D-BD5E-43525BDAD38A} version 8.0.0.9103
1459969353537	addons.manager	DEBUG	Registering shutdown blocker for XPIProvider
1459969353537	addons.manager	DEBUG	Provider finished startup: XPIProvider
1459969353537	addons.manager	DEBUG	Starting provider: LightweightThemeManager
1459969353537	addons.manager	DEBUG	Registering shutdown blocker for LightweightThemeManager
1459969353537	addons.manager	DEBUG	Provider finished startup: LightweightThemeManager
1459969353538	addons.manager	DEBUG	Starting provider: GMPProvider
1459969353547	addons.manager	DEBUG	Registering shutdown blocker for GMPProvider
1459969353548	addons.manager	DEBUG	Provider finished startup: GMPProvider
1459969353548	addons.manager	DEBUG	Starting provider: PluginProvider
1459969353548	addons.manager	DEBUG	Registering shutdown blocker for PluginProvider
1459969353548	addons.manager	DEBUG	Provider finished startup: PluginProvider
1459969353548	addons.manager	DEBUG	Completed startup sequence
1459969355949	DeferredSave.extensions.json	DEBUG	Write succeeded
1459969355949	addons.xpi-utils	DEBUG	XPI Database saved, setting schema version preference to 17
1459969355949	DeferredSave.extensions.json	DEBUG	Starting timer
1459969355965	addons.repository	DEBUG	No addons.json found.
1459969355965	DeferredSave.addons.json	DEBUG	Save changes
1459969355970	DeferredSave.addons.json	DEBUG	Starting timer
1459969356004	addons.manager	DEBUG	Starting provider: PreviousExperimentProvider
1459969356004	addons.manager	DEBUG	Registering shutdown blocker for PreviousExperimentProvider
1459969356004	addons.manager	DEBUG	Provider finished startup: PreviousExperimentProvider
1459969356008	DeferredSave.extensions.json	DEBUG	Starting write
1459969356112	DeferredSave.addons.json	DEBUG	Starting write
1459969356230	DeferredSave.extensions.json	DEBUG	Write succeeded
1459969356253	DeferredSave.addons.json	DEBUG	Write succeeded
JavaScript error: chrome://fxdriver/content/server.js, line 61: uncaught exception: [object Object]
JavaScript error: chrome://fxdriver/content/server.js, line 61: NS_ERROR_XPC_CI_RETURNED_FAILURE: Component returned failure code: 0x80570015 (NS_ERROR_XPC_CI_RETURNED_FAILURE) [nsIJSCID.createInstance]
1459969379038	addons.xpi	DEBUG	Calling bootstrap method shutdown on loop@mozilla.org version 0.1
1459969379040	addons.xpi	DEBUG	Calling bootstrap method shutdown on {82AF8DCA-6DE9-405D-BD5E-43525BDAD38A} version 8.0.0.9103
JavaScript error: https://secure.skypeassets.com/apollo/2.0.127/lib/require.js, line 32: NS_ERROR_NOT_INITIALIZED: 
JavaScript error: https://secure.skypeassets.com/apollo/2.0.127/js/core.js, line 34: NS_ERROR_UNEXPECTED: 
1459969379377	addons.manager	DEBUG	shutdown
1459969379377	addons.manager	DEBUG	Calling shutdown blocker for <unnamed-provider>
1459969379378	addons.manager	DEBUG	Calling shutdown blocker for XPIProvider
1459969379378	addons.xpi	DEBUG	shutdown
1459969379378	addons.xpi-utils	DEBUG	shutdown
1459969379379	addons.manager	DEBUG	Calling shutdown blocker for LightweightThemeManager
1459969379380	addons.manager	DEBUG	Calling shutdown blocker for GMPProvider
1459969379381	addons.manager	DEBUG	Calling shutdown blocker for PluginProvider
1459969379383	addons.manager	DEBUG	Calling shutdown blocker for PreviousExperimentProvider
1459969379386	addons.xpi	DEBUG	Notifying XPI shutdown observers
1459969379394	addons.manager	DEBUG	Async provider shutdown done

	at org.openqa.selenium.firefox.internal.NewProfileExtensionConnection.start(NewProfileExtensionConnection.java:112)
	... 29 more
]]>
    </error>
  </testcase> <!-- multipleWindowtest -->
</testsuite> <!-- z_p.MultipleWindows -->
