<?xml version="1.0" encoding="UTF-8"?>
<!-- Generated by org.testng.reporters.JUnitReportReporter -->
<testsuite hostname="ramprasad-PC" name="z_p.NewTesttt" tests="1" failures="0" timestamp="16 Apr 2016 10:35:16 GMT" time="6.606" errors="0">
  <testcase name="f" time="6.606" classname="z_p.NewTesttt"/>
</testsuite> <!-- z_p.NewTesttt -->
