<?xml version="1.0" encoding="UTF-8"?>
<!-- Generated by org.testng.reporters.JUnitReportReporter -->
<testsuite hostname="ramprasad-PC" name="z_p.Calander_Webtable" tests="1" failures="0" timestamp="9 Jun 2016 12:02:05 GMT" time="23.947" errors="0">
  <testcase name="calanderTest" time="23.947" classname="z_p.Calander_Webtable"/>
</testsuite> <!-- z_p.Calander_Webtable -->
