<?xml version="1.0" encoding="UTF-8"?>
<!-- Generated by org.testng.reporters.JUnitReportReporter -->
<testsuite hostname="ramprasad-PC" name="z_p.Alert" tests="1" failures="0" timestamp="16 Apr 2016 10:02:21 GMT" time="26.667" errors="0">
  <testcase name="f" time="26.667" classname="z_p.Alert"/>
</testsuite> <!-- z_p.Alert -->
