<?xml version="1.0" encoding="UTF-8"?>
<!-- Generated by org.testng.reporters.JUnitReportReporter -->
<testsuite hostname="ramprasad-PC" name="z_p.WebtableTesting2" tests="1" failures="0" timestamp="21 Apr 2016 11:20:27 GMT" time="0.001" errors="1">
  <testcase name="webtableTest" time="0.001" classname="z_p.WebtableTesting2">
    <error type="org.openqa.selenium.WebDriverException" message="Failed to connect to binary FirefoxBinary(C:\Program Files (x86)\Mozilla Firefox\firefox.exe) on port 7055; process output follows: 
DEBUG	Registering manifest for C:\Program Files (x86)\Mozilla Firefox\browser\features\loop@mozilla.org.xpi
1461237582443	addons.xpi	DEBUG	Calling bootstrap method startup on loop@mozilla.org version 1.1.14
1461237582458	addons.manager	DEBUG	Starting provider: &lt;unnamed-provider&gt;
1461237582458	addons.manager	DEBUG	Registering shutdown blocker for &lt;unnamed-provider&gt;
1461237582459	addons.manager	DEBUG	Provider finished startup: &lt;unnamed-provider&gt;
1461237582472	addons.xpi	DEBUG	Registering manifest for C:\Program Files (x86)\Mozilla Firefox\browser\extensions\{82AF8DCA-6DE9-405D-BD5E-43525BDAD38A}.xpi
1461237582472	addons.xpi	DEBUG	Calling bootstrap method startup on {82AF8DCA-6DE9-405D-BD5E-43525BDAD38A} version 8.0.0.9103
1461237582529	addons.manager	DEBUG	Registering shutdown blocker for XPIProvider
1461237582529	addons.manager	DEBUG	Provider finished startup: XPIProvider
1461237582529	addons.manager	DEBUG	Starting provider: LightweightThemeManager
1461237582529	addons.manager	DEBUG	Registering shutdown blocker for LightweightThemeManager
1461237582530	addons.manager	DEBUG	Provider finished startup: LightweightThemeManager
1461237582530	addons.manager	DEBUG	Starting provider: GMPProvider
1461237582536	addons.manager	DEBUG	Registering shutdown blocker for GMPProvider
1461237582536	addons.manager	DEBUG	Provider finished startup: GMPProvider
1461237582536	addons.manager	DEBUG	Starting provider: PluginProvider
1461237582536	addons.manager	DEBUG	Registering shutdown blocker for PluginProvider
1461237582537	addons.manager	DEBUG	Provider finished startup: PluginProvider
1461237582537	addons.manager	DEBUG	Completed startup sequence
1461237584842	DeferredSave.extensions.json	WARN	Write failed: Win error 32 during operation move on file C:\Users\RAMPRA~1\AppData\Local\Temp\anonymous4962405212188733977webdriver-profile\extensions.json.tmp (The process cannot access the file because it is being used by another process.
) ((unknown module)) No traceback available
1461237584843	addons.xpi-utils	WARN	Failed to save XPI database: Win error 32 during operation move on file C:\Users\RAMPRA~1\AppData\Local\Temp\anonymous4962405212188733977webdriver-profile\extensions.json.tmp (The process cannot access the file because it is being used by another process.
) ((unknown module)) No traceback available
1461237584843	addons.xpi-utils	WARN	Failed to save XPI database: Win error 32 during operation move on file C:\Users\RAMPRA~1\AppData\Local\Temp\anonymous4962405212188733977webdriver-profile\extensions.json.tmp (The process cannot access the file because it is being used by another process.
) ((unknown module)) No traceback available
1461237584843	DeferredSave.extensions.json	DEBUG	Starting timer
1461237584843	addons.xpi-utils	WARN	Failed to save XPI database: Win error 32 during operation move on file C:\Users\RAMPRA~1\AppData\Local\Temp\anonymous4962405212188733977webdriver-profile\extensions.json.tmp (The process cannot access the file because it is being used by another process.
) ((unknown module)) No traceback available
1461237584872	DeferredSave.extensions.json	DEBUG	Starting write
1461237584887	addons.repository	DEBUG	No addons.json found.
1461237584888	DeferredSave.addons.json	DEBUG	Save changes
1461237584892	DeferredSave.addons.json	DEBUG	Starting timer
1461237584930	addons.manager	DEBUG	Starting provider: PreviousExperimentProvider
1461237584930	addons.manager	DEBUG	Registering shutdown blocker for PreviousExperimentProvider
1461237584930	addons.manager	DEBUG	Provider finished startup: PreviousExperimentProvider
1461237584939	DeferredSave.extensions.json	DEBUG	Write succeeded
1461237584963	DeferredSave.addons.json	DEBUG	Starting write
1461237584973	DeferredSave.addons.json	DEBUG	Write succeeded
JavaScript error: chrome://fxdriver/content/server.js, line 61: uncaught exception: [object Object]
JavaScript error: chrome://fxdriver/content/server.js, line 61: NS_ERROR_XPC_CI_RETURNED_FAILURE: Component returned failure code: 0x80570015 (NS_ERROR_XPC_CI_RETURNED_FAILURE) [nsIJSCID.createInstance]

Build info: version: &#039;2.52.0&#039;, revision: &#039;4c2593c&#039;, time: &#039;2016-02-11 19:06:42&#039;
System info: host: &#039;ramprasad-PC&#039;, ip: &#039;192.168.1.69&#039;, os.name: &#039;Windows 7&#039;, os.arch: &#039;amd64&#039;, os.version: &#039;6.1&#039;, java.version: &#039;1.8.0_65&#039;
Driver info: driver.version: FirefoxDriver">
      <![CDATA[org.openqa.selenium.WebDriverException: Failed to connect to binary FirefoxBinary(C:\Program Files (x86)\Mozilla Firefox\firefox.exe) on port 7055; process output follows: 
DEBUG	Registering manifest for C:\Program Files (x86)\Mozilla Firefox\browser\features\loop@mozilla.org.xpi
1461237582443	addons.xpi	DEBUG	Calling bootstrap method startup on loop@mozilla.org version 1.1.14
1461237582458	addons.manager	DEBUG	Starting provider: <unnamed-provider>
1461237582458	addons.manager	DEBUG	Registering shutdown blocker for <unnamed-provider>
1461237582459	addons.manager	DEBUG	Provider finished startup: <unnamed-provider>
1461237582472	addons.xpi	DEBUG	Registering manifest for C:\Program Files (x86)\Mozilla Firefox\browser\extensions\{82AF8DCA-6DE9-405D-BD5E-43525BDAD38A}.xpi
1461237582472	addons.xpi	DEBUG	Calling bootstrap method startup on {82AF8DCA-6DE9-405D-BD5E-43525BDAD38A} version 8.0.0.9103
1461237582529	addons.manager	DEBUG	Registering shutdown blocker for XPIProvider
1461237582529	addons.manager	DEBUG	Provider finished startup: XPIProvider
1461237582529	addons.manager	DEBUG	Starting provider: LightweightThemeManager
1461237582529	addons.manager	DEBUG	Registering shutdown blocker for LightweightThemeManager
1461237582530	addons.manager	DEBUG	Provider finished startup: LightweightThemeManager
1461237582530	addons.manager	DEBUG	Starting provider: GMPProvider
1461237582536	addons.manager	DEBUG	Registering shutdown blocker for GMPProvider
1461237582536	addons.manager	DEBUG	Provider finished startup: GMPProvider
1461237582536	addons.manager	DEBUG	Starting provider: PluginProvider
1461237582536	addons.manager	DEBUG	Registering shutdown blocker for PluginProvider
1461237582537	addons.manager	DEBUG	Provider finished startup: PluginProvider
1461237582537	addons.manager	DEBUG	Completed startup sequence
1461237584842	DeferredSave.extensions.json	WARN	Write failed: Win error 32 during operation move on file C:\Users\RAMPRA~1\AppData\Local\Temp\anonymous4962405212188733977webdriver-profile\extensions.json.tmp (The process cannot access the file because it is being used by another process.
) ((unknown module)) No traceback available
1461237584843	addons.xpi-utils	WARN	Failed to save XPI database: Win error 32 during operation move on file C:\Users\RAMPRA~1\AppData\Local\Temp\anonymous4962405212188733977webdriver-profile\extensions.json.tmp (The process cannot access the file because it is being used by another process.
) ((unknown module)) No traceback available
1461237584843	addons.xpi-utils	WARN	Failed to save XPI database: Win error 32 during operation move on file C:\Users\RAMPRA~1\AppData\Local\Temp\anonymous4962405212188733977webdriver-profile\extensions.json.tmp (The process cannot access the file because it is being used by another process.
) ((unknown module)) No traceback available
1461237584843	DeferredSave.extensions.json	DEBUG	Starting timer
1461237584843	addons.xpi-utils	WARN	Failed to save XPI database: Win error 32 during operation move on file C:\Users\RAMPRA~1\AppData\Local\Temp\anonymous4962405212188733977webdriver-profile\extensions.json.tmp (The process cannot access the file because it is being used by another process.
) ((unknown module)) No traceback available
1461237584872	DeferredSave.extensions.json	DEBUG	Starting write
1461237584887	addons.repository	DEBUG	No addons.json found.
1461237584888	DeferredSave.addons.json	DEBUG	Save changes
1461237584892	DeferredSave.addons.json	DEBUG	Starting timer
1461237584930	addons.manager	DEBUG	Starting provider: PreviousExperimentProvider
1461237584930	addons.manager	DEBUG	Registering shutdown blocker for PreviousExperimentProvider
1461237584930	addons.manager	DEBUG	Provider finished startup: PreviousExperimentProvider
1461237584939	DeferredSave.extensions.json	DEBUG	Write succeeded
1461237584963	DeferredSave.addons.json	DEBUG	Starting write
1461237584973	DeferredSave.addons.json	DEBUG	Write succeeded
JavaScript error: chrome://fxdriver/content/server.js, line 61: uncaught exception: [object Object]
JavaScript error: chrome://fxdriver/content/server.js, line 61: NS_ERROR_XPC_CI_RETURNED_FAILURE: Component returned failure code: 0x80570015 (NS_ERROR_XPC_CI_RETURNED_FAILURE) [nsIJSCID.createInstance]

Build info: version: '2.52.0', revision: '4c2593c', time: '2016-02-11 19:06:42'
System info: host: 'ramprasad-PC', ip: '192.168.1.69', os.name: 'Windows 7', os.arch: 'amd64', os.version: '6.1', java.version: '1.8.0_65'
Driver info: driver.version: FirefoxDriver
	at org.openqa.selenium.firefox.internal.NewProfileExtensionConnection.start(NewProfileExtensionConnection.java:124)
	at org.openqa.selenium.firefox.FirefoxDriver.startClient(FirefoxDriver.java:271)
	at org.openqa.selenium.remote.RemoteWebDriver.<init>(RemoteWebDriver.java:119)
	at org.openqa.selenium.firefox.FirefoxDriver.<init>(FirefoxDriver.java:218)
	at org.openqa.selenium.firefox.FirefoxDriver.<init>(FirefoxDriver.java:211)
	at org.openqa.selenium.firefox.FirefoxDriver.<init>(FirefoxDriver.java:207)
	at org.openqa.selenium.firefox.FirefoxDriver.<init>(FirefoxDriver.java:120)
	at z_p.WebtableTesting2.setUp(WebtableTesting2.java:13)
	at sun.reflect.NativeMethodAccessorImpl.invoke0(Native Method)
	at sun.reflect.NativeMethodAccessorImpl.invoke(Unknown Source)
	at sun.reflect.DelegatingMethodAccessorImpl.invoke(Unknown Source)
	at java.lang.reflect.Method.invoke(Unknown Source)
	at org.testng.internal.MethodInvocationHelper.invokeMethod(MethodInvocationHelper.java:85)
	at org.testng.internal.Invoker.invokeConfigurationMethod(Invoker.java:510)
	at org.testng.internal.Invoker.invokeConfigurations(Invoker.java:211)
	at org.testng.internal.Invoker.invokeConfigurations(Invoker.java:138)
	at org.testng.TestRunner.beforeRun(TestRunner.java:648)
	at org.testng.TestRunner.run(TestRunner.java:616)
	at org.testng.SuiteRunner.runTest(SuiteRunner.java:359)
	at org.testng.SuiteRunner.runSequentially(SuiteRunner.java:354)
	at org.testng.SuiteRunner.privateRun(SuiteRunner.java:312)
	at org.testng.SuiteRunner.run(SuiteRunner.java:261)
	at org.testng.SuiteRunnerWorker.runSuite(SuiteRunnerWorker.java:52)
	at org.testng.SuiteRunnerWorker.run(SuiteRunnerWorker.java:86)
	at org.testng.TestNG.runSuitesSequentially(TestNG.java:1215)
	at org.testng.TestNG.runSuitesLocally(TestNG.java:1140)
	at org.testng.TestNG.run(TestNG.java:1048)
	at org.testng.remote.RemoteTestNG.run(RemoteTestNG.java:112)
	at org.testng.remote.RemoteTestNG.initAndRun(RemoteTestNG.java:205)
	at org.testng.remote.RemoteTestNG.main(RemoteTestNG.java:176)
Caused by: org.openqa.selenium.firefox.NotConnectedException: Unable to connect to host 127.0.0.1 on port 7055 after 45000 ms. Firefox console output:
DEBUG	Registering manifest for C:\Program Files (x86)\Mozilla Firefox\browser\features\loop@mozilla.org.xpi
1461237582443	addons.xpi	DEBUG	Calling bootstrap method startup on loop@mozilla.org version 1.1.14
1461237582458	addons.manager	DEBUG	Starting provider: <unnamed-provider>
1461237582458	addons.manager	DEBUG	Registering shutdown blocker for <unnamed-provider>
1461237582459	addons.manager	DEBUG	Provider finished startup: <unnamed-provider>
1461237582472	addons.xpi	DEBUG	Registering manifest for C:\Program Files (x86)\Mozilla Firefox\browser\extensions\{82AF8DCA-6DE9-405D-BD5E-43525BDAD38A}.xpi
1461237582472	addons.xpi	DEBUG	Calling bootstrap method startup on {82AF8DCA-6DE9-405D-BD5E-43525BDAD38A} version 8.0.0.9103
1461237582529	addons.manager	DEBUG	Registering shutdown blocker for XPIProvider
1461237582529	addons.manager	DEBUG	Provider finished startup: XPIProvider
1461237582529	addons.manager	DEBUG	Starting provider: LightweightThemeManager
1461237582529	addons.manager	DEBUG	Registering shutdown blocker for LightweightThemeManager
1461237582530	addons.manager	DEBUG	Provider finished startup: LightweightThemeManager
1461237582530	addons.manager	DEBUG	Starting provider: GMPProvider
1461237582536	addons.manager	DEBUG	Registering shutdown blocker for GMPProvider
1461237582536	addons.manager	DEBUG	Provider finished startup: GMPProvider
1461237582536	addons.manager	DEBUG	Starting provider: PluginProvider
1461237582536	addons.manager	DEBUG	Registering shutdown blocker for PluginProvider
1461237582537	addons.manager	DEBUG	Provider finished startup: PluginProvider
1461237582537	addons.manager	DEBUG	Completed startup sequence
1461237584842	DeferredSave.extensions.json	WARN	Write failed: Win error 32 during operation move on file C:\Users\RAMPRA~1\AppData\Local\Temp\anonymous4962405212188733977webdriver-profile\extensions.json.tmp (The process cannot access the file because it is being used by another process.
) ((unknown module)) No traceback available
1461237584843	addons.xpi-utils	WARN	Failed to save XPI database: Win error 32 during operation move on file C:\Users\RAMPRA~1\AppData\Local\Temp\anonymous4962405212188733977webdriver-profile\extensions.json.tmp (The process cannot access the file because it is being used by another process.
) ((unknown module)) No traceback available
1461237584843	addons.xpi-utils	WARN	Failed to save XPI database: Win error 32 during operation move on file C:\Users\RAMPRA~1\AppData\Local\Temp\anonymous4962405212188733977webdriver-profile\extensions.json.tmp (The process cannot access the file because it is being used by another process.
) ((unknown module)) No traceback available
1461237584843	DeferredSave.extensions.json	DEBUG	Starting timer
1461237584843	addons.xpi-utils	WARN	Failed to save XPI database: Win error 32 during operation move on file C:\Users\RAMPRA~1\AppData\Local\Temp\anonymous4962405212188733977webdriver-profile\extensions.json.tmp (The process cannot access the file because it is being used by another process.
) ((unknown module)) No traceback available
1461237584872	DeferredSave.extensions.json	DEBUG	Starting write
1461237584887	addons.repository	DEBUG	No addons.json found.
1461237584888	DeferredSave.addons.json	DEBUG	Save changes
1461237584892	DeferredSave.addons.json	DEBUG	Starting timer
1461237584930	addons.manager	DEBUG	Starting provider: PreviousExperimentProvider
1461237584930	addons.manager	DEBUG	Registering shutdown blocker for PreviousExperimentProvider
1461237584930	addons.manager	DEBUG	Provider finished startup: PreviousExperimentProvider
1461237584939	DeferredSave.extensions.json	DEBUG	Write succeeded
1461237584963	DeferredSave.addons.json	DEBUG	Starting write
1461237584973	DeferredSave.addons.json	DEBUG	Write succeeded
JavaScript error: chrome://fxdriver/content/server.js, line 61: uncaught exception: [object Object]
JavaScript error: chrome://fxdriver/content/server.js, line 61: NS_ERROR_XPC_CI_RETURNED_FAILURE: Component returned failure code: 0x80570015 (NS_ERROR_XPC_CI_RETURNED_FAILURE) [nsIJSCID.createInstance]

	at org.openqa.selenium.firefox.internal.NewProfileExtensionConnection.start(NewProfileExtensionConnection.java:112)
	... 29 more
]]>
    </error>
  </testcase> <!-- webtableTest -->
</testsuite> <!-- z_p.WebtableTesting2 -->
