<?xml version="1.0" encoding="UTF-8"?>
<!-- Generated by org.testng.reporters.JUnitReportReporter -->
<testsuite hostname="ramprasad-PC" name="z_p.webtable" tests="1" failures="0" timestamp="12 May 2016 07:08:26 GMT" time="28.460" errors="0">
  <testcase name="wb" time="28.460" classname="z_p.webtable"/>
</testsuite> <!-- z_p.webtable -->
