<?xml version="1.0" encoding="UTF-8"?>
<!-- Generated by org.testng.reporters.JUnitReportReporter -->
<testsuite hostname="ramprasad-PC" name="z_p12.Screenscompar" tests="1" failures="0" timestamp="27 Jun 2016 18:56:47 GMT" time="19.645" errors="0">
  <testcase name="f" time="19.645" classname="z_p12.Screenscompar"/>
</testsuite> <!-- z_p12.Screenscompar -->
