<?xml version="1.0" encoding="UTF-8"?>
<!-- Generated by org.testng.reporters.JUnitReportReporter -->
<testsuite hostname="ramprasad-PC" name="pom.testcase1" tests="1" failures="0" timestamp="19 Apr 2016 03:23:18 GMT" time="9.553" errors="0">
  <testcase name="test" time="9.553" classname="pom.testcase1"/>
</testsuite> <!-- pom.testcase1 -->
