<?xml version="1.0" encoding="UTF-8"?>
<!-- Generated by org.testng.reporters.JUnitReportReporter -->
<testsuite hostname="ramprasad-PC" name="z_p.wbt1" tests="1" failures="0" timestamp="3 Jun 2016 11:26:13 GMT" time="16.967" errors="0">
  <testcase name="webtableTest" time="16.967" classname="z_p.wbt1"/>
</testsuite> <!-- z_p.wbt1 -->
