<?xml version="1.0" encoding="UTF-8"?>
<!-- Generated by org.testng.reporters.JUnitReportReporter -->
<testsuite hostname="ramprasad-PC" name="z_p.RadioButton1" tests="1" failures="0" timestamp="12 May 2016 07:50:00 GMT" time="16.771" errors="0">
  <testcase name="f" time="16.771" classname="z_p.RadioButton1"/>
</testsuite> <!-- z_p.RadioButton1 -->
