<?xml version="1.0" encoding="UTF-8"?>
<!-- Generated by org.testng.reporters.JUnitReportReporter -->
<testsuite hostname="ramprasad-PC" name="pom.testcase2" tests="1" failures="0" timestamp="27 Mar 2016 08:29:14 GMT" time="8.383" errors="0">
  <testcase name="test2" time="8.383" classname="pom.testcase2"/>
</testsuite> <!-- pom.testcase2 -->
