<?xml version="1.0" encoding="UTF-8"?>
<!-- Generated by org.testng.reporters.JUnitReportReporter -->
<testsuite hostname="ramprasad-PC" name="datadriven.DatadrivenTesting2" tests="1" failures="0" timestamp="11 May 2016 11:53:00 GMT" time="29.997" errors="0">
  <testcase name="registrationTest" time="29.997" classname="datadriven.DatadrivenTesting2"/>
</testsuite> <!-- datadriven.DatadrivenTesting2 -->
