<?xml version="1.0" encoding="UTF-8"?>
<!-- Generated by org.testng.reporters.JUnitReportReporter -->
<testsuite hostname="ramprasad-PC" name="datadriven.DriverScript_REsults" tests="1" failures="0" timestamp="11 May 2016 12:13:29 GMT" time="14.406" errors="0">
  <testcase name="f" time="14.406" classname="datadriven.DriverScript_REsults"/>
</testsuite> <!-- datadriven.DriverScript_REsults -->
