<?xml version="1.0" encoding="UTF-8"?>
<!-- Generated by org.testng.reporters.JUnitReportReporter -->
<testsuite hostname="ramprasad-PC" name="z_p.Frames1" tests="1" failures="0" timestamp="6 Apr 2016 18:54:35 GMT" time="12.582" errors="0">
  <testcase name="framesTest" time="12.582" classname="z_p.Frames1"/>
</testsuite> <!-- z_p.Frames1 -->
