<?xml version="1.0" encoding="UTF-8"?>
<!-- Generated by org.testng.reporters.JUnitReportReporter -->
<testsuite hostname="ramprasad-PC" name="arunima_testng.NewTest_Robo" tests="1" failures="0" timestamp="4 Jun 2016 15:17:59 GMT" time="18.491" errors="0">
  <testcase name="f" time="18.491" classname="arunima_testng.NewTest_Robo"/>
</testsuite> <!-- arunima_testng.NewTest_Robo -->
