<?xml version="1.0" encoding="UTF-8"?>
<!-- Generated by org.testng.reporters.JUnitReportReporter -->
<testsuite hostname="ramprasad-PC" name="arunima_testng.xpath" tests="1" failures="0" timestamp="3 Jun 2016 11:43:55 GMT" time="15.038" errors="0">
  <testcase name="f" time="15.038" classname="arunima_testng.xpath"/>
</testsuite> <!-- arunima_testng.xpath -->
